<?xml version="1.0" encoding="UTF-8"?>
<testng-results ignored="0" total="1" passed="1" failed="0" skipped="0">
  <reporter-output>
  </reporter-output>
  <suite started-at="2026-02-06T21:55:09 IST" name="Surefire suite" finished-at="2026-02-06T21:55:24 IST" duration-ms="15321">
    <groups>
    </groups>
    <test started-at="2026-02-06T21:55:09 IST" name="Surefire test" finished-at="2026-02-06T21:55:24 IST" duration-ms="15321">
      <class name="tests.LoginPageTest">
        <test-method is-config="true" signature="setup()[pri:0, instance:tests.LoginPageTest@55a1c291]" started-at="2026-02-06T21:55:09 IST" name="setup" finished-at="2026-02-06T21:55:12 IST" duration-ms="3168" status="PASS">
          <reporter-output>
          </reporter-output>
        </test-method> <!-- setup -->
        <test-method signature="validLoginTest()[pri:0, instance:tests.LoginPageTest@55a1c291]" started-at="2026-02-06T21:55:12 IST" name="validLoginTest" finished-at="2026-02-06T21:55:24 IST" duration-ms="11806" status="PASS">
          <reporter-output>
          </reporter-output>
        </test-method> <!-- validLoginTest -->
        <test-method is-config="true" signature="tearDown()[pri:0, instance:tests.LoginPageTest@55a1c291]" started-at="2026-02-06T21:55:24 IST" name="tearDown" finished-at="2026-02-06T21:55:24 IST" duration-ms="312" status="PASS">
          <reporter-output>
          </reporter-output>
        </test-method> <!-- tearDown -->
      </class> <!-- tests.LoginPageTest -->
    </test> <!-- Surefire test -->
  </suite> <!-- Surefire suite -->
</testng-results>
